TN:
SF:src/modals.ts
FN:27,(anonymous_7)
FN:33,(anonymous_8)
FN:47,(anonymous_9)
FN:50,(anonymous_10)
FN:61,(anonymous_11)
FN:65,(anonymous_12)
FN:76,(anonymous_13)
FN:83,(anonymous_14)
FN:85,(anonymous_15)
FN:96,(anonymous_16)
FN:101,(anonymous_17)
FN:103,(anonymous_18)
FN:109,(anonymous_19)
FN:117,(anonymous_20)
FN:128,(anonymous_21)
FN:137,(anonymous_22)
FN:139,(anonymous_23)
FN:148,(anonymous_24)
FN:151,(anonymous_25)
FN:160,(anonymous_26)
FN:165,(anonymous_27)
FN:181,(anonymous_28)
FN:183,(anonymous_29)
FN:187,(anonymous_30)
FN:205,(anonymous_31)
FN:208,(anonymous_32)
FN:210,(anonymous_33)
FN:210,(anonymous_34)
FN:215,(anonymous_35)
FN:219,(anonymous_36)
FN:240,(anonymous_37)
FN:242,(anonymous_38)
FN:250,(anonymous_39)
FN:252,(anonymous_40)
FN:267,(anonymous_41)
FN:269,(anonymous_42)
FN:287,(anonymous_43)
FN:289,(anonymous_44)
FN:306,(anonymous_45)
FN:309,(anonymous_46)
FN:327,(anonymous_47)
FN:327,(anonymous_48)
FN:348,(anonymous_49)
FN:351,(anonymous_50)
FN:363,(anonymous_51)
FN:369,(anonymous_52)
FN:384,(anonymous_53)
FN:387,(anonymous_54)
FN:396,(anonymous_55)
FN:399,(anonymous_56)
FN:409,(anonymous_57)
FN:412,(anonymous_58)
FN:423,(anonymous_59)
FN:423,(anonymous_60)
FN:453,(anonymous_61)
FN:456,(anonymous_62)
FNF:56
FNH:0
FNDA:0,(anonymous_7)
FNDA:0,(anonymous_8)
FNDA:0,(anonymous_9)
FNDA:0,(anonymous_10)
FNDA:0,(anonymous_11)
FNDA:0,(anonymous_12)
FNDA:0,(anonymous_13)
FNDA:0,(anonymous_14)
FNDA:0,(anonymous_15)
FNDA:0,(anonymous_16)
FNDA:0,(anonymous_17)
FNDA:0,(anonymous_18)
FNDA:0,(anonymous_19)
FNDA:0,(anonymous_20)
FNDA:0,(anonymous_21)
FNDA:0,(anonymous_22)
FNDA:0,(anonymous_23)
FNDA:0,(anonymous_24)
FNDA:0,(anonymous_25)
FNDA:0,(anonymous_26)
FNDA:0,(anonymous_27)
FNDA:0,(anonymous_28)
FNDA:0,(anonymous_29)
FNDA:0,(anonymous_30)
FNDA:0,(anonymous_31)
FNDA:0,(anonymous_32)
FNDA:0,(anonymous_33)
FNDA:0,(anonymous_34)
FNDA:0,(anonymous_35)
FNDA:0,(anonymous_36)
FNDA:0,(anonymous_37)
FNDA:0,(anonymous_38)
FNDA:0,(anonymous_39)
FNDA:0,(anonymous_40)
FNDA:0,(anonymous_41)
FNDA:0,(anonymous_42)
FNDA:0,(anonymous_43)
FNDA:0,(anonymous_44)
FNDA:0,(anonymous_45)
FNDA:0,(anonymous_46)
FNDA:0,(anonymous_47)
FNDA:0,(anonymous_48)
FNDA:0,(anonymous_49)
FNDA:0,(anonymous_50)
FNDA:0,(anonymous_51)
FNDA:0,(anonymous_52)
FNDA:0,(anonymous_53)
FNDA:0,(anonymous_54)
FNDA:0,(anonymous_55)
FNDA:0,(anonymous_56)
FNDA:0,(anonymous_57)
FNDA:0,(anonymous_58)
FNDA:0,(anonymous_59)
FNDA:0,(anonymous_60)
FNDA:0,(anonymous_61)
FNDA:0,(anonymous_62)
DA:1,2
DA:2,2
DA:12,2
DA:15,0
DA:16,0
DA:17,0
DA:18,0
DA:19,0
DA:20,0
DA:21,0
DA:22,0
DA:23,0
DA:24,0
DA:25,0
DA:28,0
DA:29,0
DA:30,0
DA:34,0
DA:35,0
DA:36,0
DA:38,0
DA:41,0
DA:43,0
DA:48,0
DA:51,0
DA:53,0
DA:57,0
DA:62,0
DA:63,0
DA:66,0
DA:68,0
DA:72,0
DA:74,0
DA:76,0
DA:77,0
DA:78,0
DA:79,0
DA:82,0
DA:83,0
DA:85,0
DA:86,0
DA:87,0
DA:88,0
DA:89,0
DA:90,0
DA:91,0
DA:93,0
DA:96,0
DA:101,0
DA:103,0
DA:104,0
DA:109,0
DA:110,0
DA:111,0
DA:113,0
DA:114,0
DA:117,0
DA:118,0
DA:119,0
DA:122,0
DA:126,0
DA:129,0
DA:130,0
DA:131,0
DA:134,0
DA:138,0
DA:140,0
DA:144,0
DA:149,0
DA:152,0
DA:154,0
DA:157,0
DA:161,0
DA:166,0
DA:170,0
DA:176,0
DA:178,0
DA:182,0
DA:183,0
DA:184,0
DA:186,0
DA:188,0
DA:193,0
DA:195,0
DA:200,0
DA:205,0
DA:206,0
DA:209,0
DA:210,0
DA:211,0
DA:212,0
DA:213,0
DA:214,0
DA:215,0
DA:216,0
DA:217,0
DA:219,0
DA:220,0
DA:221,0
DA:223,0
DA:224,0
DA:227,0
DA:228,0
DA:229,0
DA:231,0
DA:234,0
DA:237,0
DA:241,0
DA:243,0
DA:247,0
DA:251,0
DA:253,0
DA:254,0
DA:255,0
DA:257,0
DA:258,0
DA:263,0
DA:268,0
DA:270,0
DA:271,0
DA:272,0
DA:274,0
DA:275,0
DA:281,0
DA:282,0
DA:284,0
DA:288,0
DA:290,0
DA:291,0
DA:292,0
DA:293,0
DA:294,0
DA:295,0
DA:296,0
DA:297,0
DA:302,0
DA:307,0
DA:310,0
DA:314,0
DA:320,0
DA:323,0
DA:324,0
DA:327,0
DA:328,0
DA:342,0
DA:343,0
DA:346,0
DA:348,0
DA:352,0
DA:353,0
DA:357,2
DA:359,0
DA:361,0
DA:364,0
DA:365,0
DA:366,0
DA:370,0
DA:371,0
DA:372,0
DA:374,0
DA:376,0
DA:385,0
DA:388,0
DA:390,0
DA:393,0
DA:397,0
DA:400,0
DA:402,0
DA:406,0
DA:410,0
DA:413,0
DA:415,0
DA:419,0
DA:420,0
DA:423,0
DA:424,0
DA:425,0
DA:426,0
DA:429,0
DA:432,0
DA:433,0
DA:436,0
DA:437,0
DA:438,0
DA:442,0
DA:443,0
DA:444,0
DA:447,0
DA:448,0
DA:451,0
DA:453,0
DA:457,0
DA:458,0
LF:193
LH:4
BRDA:48,0,0,0
BRDA:48,0,1,0
BRDA:78,1,0,0
BRDA:78,1,1,0
BRDA:78,2,0,0
BRDA:78,2,1,0
BRDA:90,3,0,0
BRDA:90,3,1,0
BRDA:90,4,0,0
BRDA:90,4,1,0
BRDA:91,5,0,0
BRDA:91,5,1,0
BRDA:113,6,0,0
BRDA:113,6,1,0
BRDA:118,7,0,0
BRDA:213,8,0,0
BRDA:215,9,0,0
BRDA:219,10,0,0
BRDA:219,11,0,0
BRDA:219,11,1,0
BRDA:223,12,0,0
BRDA:228,13,0,0
BRDA:228,13,1,0
BRDA:254,14,0,0
BRDA:254,15,0,0
BRDA:254,15,1,0
BRDA:258,16,0,0
BRDA:271,17,0,0
BRDA:271,18,0,0
BRDA:271,18,1,0
BRDA:275,19,0,0
BRDA:281,20,0,0
BRDA:281,20,1,0
BRDA:292,21,0,0
BRDA:292,21,1,0
BRDA:292,22,0,0
BRDA:292,22,1,0
BRDA:296,23,0,0
BRDA:329,24,0,0
BRDA:329,24,1,0
BRDA:397,25,0,0
BRDA:397,25,1,0
BRDA:424,26,0,0
BRDA:432,27,0,0
BRDA:432,27,1,0
BRDA:437,28,0,0
BRDA:437,29,0,0
BRDA:437,29,1,0
BRDA:442,30,0,0
BRDA:448,31,0,0
BRDA:448,31,1,0
BRDA:448,32,0,0
BRDA:448,32,1,0
BRF:53
BRH:0
end_of_record
TN:
SF:src/settings.ts
FN:444,(anonymous_7)
FN:449,(anonymous_8)
FN:460,(anonymous_9)
FN:463,(anonymous_10)
FN:463,(anonymous_11)
FN:470,(anonymous_12)
FN:474,(anonymous_13)
FN:474,(anonymous_14)
FN:492,(anonymous_15)
FN:495,(anonymous_16)
FN:495,(anonymous_17)
FN:505,(anonymous_18)
FN:508,(anonymous_19)
FN:508,(anonymous_20)
FN:526,(anonymous_21)
FN:529,(anonymous_22)
FN:529,(anonymous_23)
FN:539,(anonymous_24)
FN:541,(anonymous_25)
FN:541,(anonymous_26)
FN:550,(anonymous_27)
FN:552,(anonymous_28)
FN:552,(anonymous_29)
FN:563,(anonymous_30)
FN:565,(anonymous_31)
FN:565,(anonymous_32)
FN:579,(anonymous_33)
FN:581,(anonymous_34)
FN:581,(anonymous_35)
FN:593,(anonymous_36)
FN:596,(anonymous_37)
FN:596,(anonymous_38)
FN:604,(anonymous_39)
FN:609,(anonymous_40)
FN:609,(anonymous_41)
FN:634,(anonymous_42)
FN:637,(anonymous_43)
FN:637,(anonymous_44)
FN:648,(anonymous_45)
FN:651,(anonymous_46)
FN:651,(anonymous_47)
FN:659,(anonymous_48)
FN:664,(anonymous_49)
FN:664,(anonymous_50)
FN:706,(anonymous_51)
FNF:45
FNH:1
FNDA:1,(anonymous_7)
FNDA:0,(anonymous_8)
FNDA:0,(anonymous_9)
FNDA:0,(anonymous_10)
FNDA:0,(anonymous_11)
FNDA:0,(anonymous_12)
FNDA:0,(anonymous_13)
FNDA:0,(anonymous_14)
FNDA:0,(anonymous_15)
FNDA:0,(anonymous_16)
FNDA:0,(anonymous_17)
FNDA:0,(anonymous_18)
FNDA:0,(anonymous_19)
FNDA:0,(anonymous_20)
FNDA:0,(anonymous_21)
FNDA:0,(anonymous_22)
FNDA:0,(anonymous_23)
FNDA:0,(anonymous_24)
FNDA:0,(anonymous_25)
FNDA:0,(anonymous_26)
FNDA:0,(anonymous_27)
FNDA:0,(anonymous_28)
FNDA:0,(anonymous_29)
FNDA:0,(anonymous_30)
FNDA:0,(anonymous_31)
FNDA:0,(anonymous_32)
FNDA:0,(anonymous_33)
FNDA:0,(anonymous_34)
FNDA:0,(anonymous_35)
FNDA:0,(anonymous_36)
FNDA:0,(anonymous_37)
FNDA:0,(anonymous_38)
FNDA:0,(anonymous_39)
FNDA:0,(anonymous_40)
FNDA:0,(anonymous_41)
FNDA:0,(anonymous_42)
FNDA:0,(anonymous_43)
FNDA:0,(anonymous_44)
FNDA:0,(anonymous_45)
FNDA:0,(anonymous_46)
FNDA:0,(anonymous_47)
FNDA:0,(anonymous_48)
FNDA:0,(anonymous_49)
FNDA:0,(anonymous_50)
FNDA:0,(anonymous_51)
DA:1,2
DA:3,2
DA:6,2
DA:441,2
DA:445,1
DA:446,1
DA:450,0
DA:451,0
DA:456,0
DA:457,0
DA:461,0
DA:463,0
DA:464,0
DA:465,0
DA:467,0
DA:468,0
DA:471,0
DA:474,0
DA:475,0
DA:479,0
DA:485,0
DA:489,0
DA:493,0
DA:495,0
DA:496,0
DA:497,0
DA:499,0
DA:502,0
DA:506,0
DA:508,0
DA:509,0
DA:510,0
DA:512,0
DA:515,0
DA:521,0
DA:523,0
DA:527,0
DA:529,0
DA:530,0
DA:531,0
DA:536,0
DA:540,0
DA:541,0
DA:542,0
DA:543,0
DA:547,0
DA:551,0
DA:552,0
DA:553,0
DA:554,0
DA:559,0
DA:560,0
DA:564,0
DA:565,0
DA:566,0
DA:567,0
DA:568,0
DA:572,0
DA:575,0
DA:576,0
DA:580,0
DA:581,0
DA:582,0
DA:583,0
DA:584,0
DA:588,0
DA:589,0
DA:590,0
DA:594,0
DA:596,0
DA:597,0
DA:598,0
DA:600,0
DA:601,0
DA:602,0
DA:605,0
DA:609,0
DA:610,0
DA:611,0
DA:612,0
DA:613,0
DA:617,0
DA:618,0
DA:619,0
DA:620,0
DA:621,0
DA:624,0
DA:625,0
DA:626,0
DA:627,0
DA:629,0
DA:631,0
DA:635,0
DA:637,0
DA:638,0
DA:639,0
DA:640,0
DA:644,0
DA:645,0
DA:649,0
DA:651,0
DA:652,0
DA:653,0
DA:655,0
DA:656,0
DA:657,0
DA:660,0
DA:664,0
DA:666,0
DA:667,0
DA:668,0
DA:669,0
DA:670,0
DA:672,0
DA:677,0
DA:682,0
DA:683,0
DA:684,0
DA:685,0
DA:687,0
DA:688,0
DA:689,0
DA:690,0
DA:691,0
DA:693,0
DA:694,0
DA:695,0
DA:696,0
DA:697,0
DA:699,0
DA:700,0
DA:701,0
DA:702,0
DA:703,0
DA:707,0
DA:709,0
DA:710,0
DA:711,0
DA:714,0
DA:716,0
DA:717,0
DA:724,0
DA:726,0
DA:733,0
DA:734,0
DA:736,0
DA:739,0
DA:740,0
DA:743,0
DA:744,0
DA:745,0
DA:748,0
DA:749,0
DA:750,0
DA:751,0
DA:752,0
LF:156
LH:6
BRDA:588,0,0,0
BRDA:644,1,0,0
BRDA:666,2,0,0
BRDA:666,2,1,0
BRDA:709,3,0,0
BRDA:733,4,0,0
BRDA:733,4,1,0
BRDA:739,5,0,0
BRDA:739,5,1,0
BRDA:743,6,0,0
BRDA:743,6,1,0
BRDA:743,6,2,0
BRDA:749,7,0,0
BRDA:749,7,1,0
BRDA:750,8,0,0
BRF:15
BRH:0
end_of_record
TN:
SF:src/types.ts
FNF:0
FNH:0
DA:2,2
DA:12,2
DA:17,2
DA:24,2
LF:4
LH:4
BRF:0
BRH:0
end_of_record
TN:
SF:src/utils/apiUtils.ts
FN:43,createRateLimiter
FN:56,(anonymous_8)
FN:59,(anonymous_9)
FN:59,(anonymous_10)
FN:72,(anonymous_11)
FN:78,(anonymous_12)
FN:86,(anonymous_13)
FN:94,(anonymous_14)
FN:109,createAuthenticatedRequestOptions
FN:125,buildCollectionApiUrl
FN:135,parseApiResponse
FN:152,handleRequestError
FN:165,(anonymous_20)
FN:174,(anonymous_21)
FN:195,fetchWithRetry
FN:263,extractCollectionData
FN:280,getFullPathSegments
FNF:17
FNH:14
FNDA:15,createRateLimiter
FNDA:7,(anonymous_8)
FNDA:7,(anonymous_9)
FNDA:7,(anonymous_10)
FNDA:0,(anonymous_11)
FNDA:4,(anonymous_12)
FNDA:0,(anonymous_13)
FNDA:0,(anonymous_14)
FNDA:3,createAuthenticatedRequestOptions
FNDA:3,buildCollectionApiUrl
FNDA:18,parseApiResponse
FNDA:15,handleRequestError
FNDA:4,(anonymous_20)
FNDA:8,(anonymous_21)
FNDA:15,fetchWithRetry
FNDA:15,extractCollectionData
FNDA:3,getFullPathSegments
DA:1,3
DA:2,3
DA:43,3
DA:44,15
DA:45,15
DA:51,15
DA:56,15
DA:59,7
DA:60,7
DA:63,7
DA:64,0
DA:65,0
DA:69,7
DA:70,0
DA:71,0
DA:72,0
DA:74,0
DA:75,0
DA:76,7
DA:78,4
DA:82,7
DA:86,7
DA:88,7
DA:94,15
DA:95,0
DA:96,0
DA:97,0
DA:100,15
DA:109,3
DA:110,3
DA:125,3
DA:126,3
DA:135,3
DA:136,18
DA:137,17
DA:139,1
DA:152,3
DA:159,15
DA:162,15
DA:163,4
DA:164,4
DA:165,4
DA:166,4
DA:170,11
DA:172,11
DA:174,8
DA:175,8
DA:178,3
DA:195,3
DA:208,15
DA:210,10
DA:211,10
DA:212,10
DA:215,10
DA:216,3
DA:220,5
DA:221,5
DA:222,5
DA:226,15
DA:228,15
DA:229,21
DA:231,21
DA:233,21
DA:236,21
DA:244,13
DA:248,8
DA:249,8
DA:251,2
DA:253,6
DA:263,3
DA:264,15
DA:265,3
DA:268,12
DA:269,12
DA:280,3
DA:285,3
DA:286,3
DA:289,3
DA:290,0
DA:291,0
DA:293,0
DA:294,0
DA:295,0
DA:298,0
DA:301,3
LF:85
LH:69
BRDA:43,0,0,14
BRDA:43,1,0,14
BRDA:63,2,0,0
BRDA:69,3,0,0
BRDA:69,3,1,7
BRDA:76,4,0,4
BRDA:136,5,0,17
BRDA:162,6,0,4
BRDA:162,7,0,15
BRDA:162,7,1,15
BRDA:162,7,2,14
BRDA:162,7,3,5
BRDA:162,7,4,11
BRDA:162,7,5,11
BRDA:162,7,6,11
BRDA:170,8,0,8
BRDA:170,8,1,3
BRDA:172,9,0,8
BRDA:200,10,0,12
BRDA:201,11,0,15
BRDA:208,12,0,10
BRDA:208,12,1,5
BRDA:215,13,0,3
BRDA:238,14,0,21
BRDA:238,14,1,0
BRDA:249,15,0,2
BRDA:249,16,0,8
BRDA:249,16,1,6
BRDA:264,17,0,3
BRDA:264,18,0,15
BRDA:264,18,1,11
BRDA:264,18,2,9
BRDA:264,18,3,6
BRDA:264,18,4,5
BRDA:289,19,0,3
BRDA:289,19,1,3
BRDA:289,19,2,0
BRDA:289,19,3,0
BRDA:291,20,0,0
BRDA:294,21,0,0
BRF:40
BRH:33
end_of_record
TN:
SF:src/utils/fileUtils.ts
FN:30,doesPathExist
FN:40,isPathAFolder
FN:51,createFolder
FN:79,sanitizeFileName
FN:104,createFolderStructure
FNF:5
FNH:5
FNDA:46,doesPathExist
FNDA:10,isPathAFolder
FNDA:21,createFolder
FNDA:49,sanitizeFileName
FNDA:12,createFolderStructure
DA:30,4
DA:31,46
DA:40,4
DA:41,10
DA:42,10
DA:51,4
DA:52,21
DA:54,21
DA:55,2
DA:56,2
DA:57,1
DA:60,19
DA:61,19
DA:62,17
DA:64,2
DA:65,2
DA:70,4
DA:79,4
DA:81,49
DA:82,49
DA:84,49
DA:85,49
DA:88,47
DA:90,47
DA:91,47
DA:94,47
DA:95,47
DA:104,4
DA:105,12
DA:107,10
DA:108,10
DA:109,10
DA:111,10
DA:113,10
DA:114,22
DA:116,22
DA:118,22
DA:119,5
DA:120,5
DA:121,1
DA:124,17
DA:128,8
DA:130,2
DA:131,2
LF:44
LH:44
BRDA:42,0,0,1
BRDA:42,0,1,9
BRDA:42,1,0,10
BRDA:42,1,1,9
BRDA:54,2,0,2
BRDA:56,3,0,1
BRDA:64,4,0,2
BRDA:64,4,1,0
BRDA:84,5,0,49
BRDA:84,5,1,48
BRDA:85,6,0,2
BRDA:88,7,0,47
BRDA:88,7,1,0
BRDA:95,8,0,5
BRDA:95,8,1,42
BRDA:105,9,0,2
BRDA:105,10,0,12
BRDA:105,10,1,11
BRDA:114,11,0,12
BRDA:114,11,1,10
BRDA:118,12,0,5
BRDA:118,12,1,17
BRDA:120,13,0,1
BRDA:130,14,0,2
BRDA:130,14,1,0
BRF:25
BRH:22
end_of_record
TN:
SF:src/utils/formatUtils.ts
FN:6,formatDate
FN:14,formatDateISO
FN:22,formatTags
FN:23,(anonymous_3)
FN:26,getDomain
FN:34,raindropType
FNF:6
FNH:5
FNDA:6,formatDate
FNDA:0,formatDateISO
FNDA:3,formatTags
FNDA:3,(anonymous_3)
FNDA:6,getDomain
FNDA:3,raindropType
DA:6,2
DA:7,6
DA:8,6
DA:10,0
DA:14,2
DA:15,0
DA:16,0
DA:18,0
DA:22,2
DA:23,3
DA:26,2
DA:27,6
DA:28,6
DA:30,0
DA:34,2
DA:35,3
DA:44,3
LF:17
LH:12
BRDA:44,0,0,3
BRDA:44,0,1,0
BRF:2
BRH:1
end_of_record
TN:
SF:src/utils/index.ts
FN:39,(anonymous_0)
FN:40,(anonymous_1)
FN:41,(anonymous_2)
FN:42,(anonymous_3)
FN:43,(anonymous_4)
FN:49,(anonymous_5)
FN:50,(anonymous_6)
FN:51,(anonymous_7)
FN:52,(anonymous_8)
FN:53,(anonymous_9)
FN:54,(anonymous_10)
FN:55,(anonymous_11)
FN:56,(anonymous_12)
FN:62,(anonymous_13)
FN:63,(anonymous_14)
FN:64,(anonymous_15)
FN:65,(anonymous_16)
FN:70,(anonymous_17)
FN:71,(anonymous_18)
FN:72,(anonymous_19)
FN:73,(anonymous_20)
FN:74,(anonymous_21)
FNF:22
FNH:10
FNDA:0,(anonymous_0)
FNDA:0,(anonymous_1)
FNDA:0,(anonymous_2)
FNDA:35,(anonymous_3)
FNDA:3,(anonymous_4)
FNDA:13,(anonymous_5)
FNDA:0,(anonymous_6)
FNDA:0,(anonymous_7)
FNDA:0,(anonymous_8)
FNDA:0,(anonymous_9)
FNDA:7,(anonymous_10)
FNDA:0,(anonymous_11)
FNDA:3,(anonymous_12)
FNDA:0,(anonymous_13)
FNDA:0,(anonymous_14)
FNDA:18,(anonymous_15)
FNDA:0,(anonymous_16)
FNDA:6,(anonymous_17)
FNDA:0,(anonymous_18)
FNDA:3,(anonymous_19)
FNDA:6,(anonymous_20)
FNDA:3,(anonymous_21)
DA:38,2
DA:39,2
DA:40,2
DA:41,2
DA:42,37
DA:43,5
DA:48,2
DA:49,15
DA:50,2
DA:51,2
DA:52,2
DA:53,2
DA:54,9
DA:55,2
DA:56,5
DA:61,2
DA:62,2
DA:63,2
DA:64,20
DA:65,2
DA:69,2
DA:70,8
DA:71,2
DA:72,5
DA:73,8
DA:74,5
LF:26
LH:26
BRF:0
BRH:0
end_of_record
TN:
SF:src/utils/yamlUtils.ts
FN:18,isPlainObject
FN:35,formatYamlValue
FN:83,(anonymous_2)
FN:105,(anonymous_3)
FN:121,(anonymous_4)
FN:146,escapeYamlString
FN:161,createYamlFrontmatter
FNF:7
FNH:7
FNDA:32,isPlainObject
FNDA:131,formatYamlValue
FNDA:11,(anonymous_2)
FNDA:30,(anonymous_3)
FNDA:24,(anonymous_4)
FNDA:48,escapeYamlString
FNDA:11,createYamlFrontmatter
DA:1,3
DA:18,3
DA:19,32
DA:35,3
DA:36,131
DA:39,131
DA:40,4
DA:44,127
DA:45,5
DA:49,122
DA:50,11
DA:54,111
DA:56,76
DA:57,3
DA:61,73
DA:80,27
DA:82,4
DA:83,11
DA:84,4
DA:88,23
DA:92,46
DA:96,35
DA:97,15
DA:98,1
DA:100,14
DA:101,1
DA:103,13
DA:105,30
DA:106,13
DA:107,13
DA:111,20
DA:112,18
DA:113,18
DA:114,1
DA:116,17
DA:117,2
DA:119,15
DA:121,15
DA:122,24
DA:123,24
DA:127,15
DA:128,15
DA:132,2
DA:133,2
DA:135,2
DA:136,2
DA:146,3
DA:147,48
DA:161,3
DA:162,11
DA:163,11
DA:165,11
DA:166,31
DA:168,31
DA:169,5
DA:171,26
DA:175,10
DA:176,10
DA:178,1
DA:179,1
DA:180,1
LF:61
LH:61
BRDA:20,0,0,32
BRDA:20,0,1,31
BRDA:20,0,2,24
BRDA:20,0,3,22
BRDA:35,1,0,75
BRDA:35,2,0,77
BRDA:39,3,0,4
BRDA:39,4,0,131
BRDA:39,4,1,128
BRDA:44,5,0,5
BRDA:45,6,0,3
BRDA:45,6,1,2
BRDA:49,7,0,11
BRDA:54,8,0,76
BRDA:56,9,0,3
BRDA:61,10,0,27
BRDA:62,11,0,73
BRDA:62,11,1,69
BRDA:62,11,2,62
BRDA:62,11,3,61
BRDA:62,11,4,61
BRDA:62,11,5,60
BRDA:62,11,6,60
BRDA:62,11,7,59
BRDA:62,11,8,58
BRDA:62,11,9,57
BRDA:62,11,10,57
BRDA:62,11,11,56
BRDA:62,11,12,55
BRDA:62,11,13,54
BRDA:62,11,14,53
BRDA:62,11,15,52
BRDA:80,12,0,4
BRDA:96,13,0,15
BRDA:97,14,0,1
BRDA:100,15,0,1
BRDA:111,16,0,18
BRDA:113,17,0,1
BRDA:116,18,0,2
BRDA:123,19,0,7
BRDA:123,19,1,17
BRDA:135,20,0,2
BRDA:135,20,1,0
BRDA:168,21,0,5
BRDA:168,21,1,26
BRDA:178,22,0,1
BRDA:178,22,1,0
BRF:47
BRH:45
end_of_record
